<?xml version="1.0" encoding="UTF-8"?>
<TestRun id="b6519732-3c9f-4a9f-9148-a8a55c1108b4" name="net@NET-PC 2014-09-23 07:32:11" runUser="net-PC\net" xmlns="http://microsoft.com/schemas/VisualStudio/TeamTest/2010">
  <Times creation="2014-09-23T07:32:11.5200553+03:00" queuing="2014-09-23T07:32:11.5200553+03:00" start="2014-09-23T07:32:11.5200553+03:00" finish="2014-09-23T07:32:11.5668554+03:00" />
  <TestSettings name="default" id="d514935b-1b29-4f82-b56f-586fcd13c78e">
    <Execution>
      <TestTypeSpecific />
    </Execution>
    <Deployment runDeploymentRoot="net_NET-PC 2014-09-23 07_32_11" />
    <Properties />
  </TestSettings>
  <Results>
    <UnitTestResult executionId="3d521509-bd64-490d-9583-a49c0ed4cb9e" testId="07615eb7-235a-11a1-4f45-a06cb4d2655e" testName="TestMethod1" computerName="NET-PC" duration="00:00:00.0025330" startTime="2014-09-23T07:32:11.4420552+03:00" endTime="2014-09-23T07:32:11.4576552+03:00" testType="13cdc9d9-ddb5-4fa4-a97d-d965ccfc6d4b" outcome="Passed" testListId="8c84fa94-04c1-424b-9868-57a2d4851a1d" relativeResultsDirectory="3d521509-bd64-490d-9583-a49c0ed4cb9e" />
    <UnitTestResult executionId="363853e4-f887-4ccd-ae09-0f625112e02e" testId="310ffa11-b40e-2240-f06c-82c2271155b4" testName="TestMethod2" computerName="NET-PC" duration="00:00:00.0000528" startTime="2014-09-23T07:32:11.4732553+03:00" endTime="2014-09-23T07:32:11.4732553+03:00" testType="13cdc9d9-ddb5-4fa4-a97d-d965ccfc6d4b" outcome="Passed" testListId="8c84fa94-04c1-424b-9868-57a2d4851a1d" relativeResultsDirectory="363853e4-f887-4ccd-ae09-0f625112e02e" />
    <UnitTestResult executionId="618445ca-9d2c-4bc2-9113-d88c5061c786" testId="12fb41d8-85fc-cbfb-1138-28f3c6818cfe" testName="TestMethod3" computerName="NET-PC" duration="00:00:00.0000457" startTime="2014-09-23T07:32:11.4732553+03:00" endTime="2014-09-23T07:32:11.4732553+03:00" testType="13cdc9d9-ddb5-4fa4-a97d-d965ccfc6d4b" outcome="Passed" testListId="8c84fa94-04c1-424b-9868-57a2d4851a1d" relativeResultsDirectory="618445ca-9d2c-4bc2-9113-d88c5061c786" />
    <UnitTestResult executionId="cbb64ca6-d570-44bf-8757-3f14abbce272" testId="6d9ba31f-d04e-ca7c-117e-e3ae63682e8c" testName="Test_Without_Category" computerName="NET-PC" duration="00:00:00.0000438" startTime="2014-09-23T07:32:11.4732553+03:00" endTime="2014-09-23T07:32:11.4732553+03:00" testType="13cdc9d9-ddb5-4fa4-a97d-d965ccfc6d4b" outcome="Passed" testListId="8c84fa94-04c1-424b-9868-57a2d4851a1d" relativeResultsDirectory="cbb64ca6-d570-44bf-8757-3f14abbce272" />
    <UnitTestResult executionId="e54c48d0-80c1-4890-9641-807adf4165ce" testId="85da7ce7-0103-9d79-7dcd-cae058b187f7" testName="SimpleFailingTest" computerName="NET-PC" duration="00:00:00.0062346" startTime="2014-09-23T07:32:11.4732553+03:00" endTime="2014-09-23T07:32:11.4732553+03:00" testType="13cdc9d9-ddb5-4fa4-a97d-d965ccfc6d4b" outcome="Failed" testListId="8c84fa94-04c1-424b-9868-57a2d4851a1d" relativeResultsDirectory="e54c48d0-80c1-4890-9641-807adf4165ce">
      <Output>
        <ErrorInfo>
          <Message>Assert.AreEqual failed. Expected:&lt;1&gt;. Actual:&lt;2&gt;. The calculation failed.</Message>
          <StackTrace>   at SampleTestingProject.UnitTest1.SimpleFailingTest() in c:\SampleTRXParsing\SampleTestingProject\UnitTest1.cs:line 45
</StackTrace>
        </ErrorInfo>
      </Output>
    </UnitTestResult>
    <UnitTestResult executionId="9ceba3ec-4662-44bd-acfe-a9b027bde093" testId="4ace2228-cdf5-77fd-07cf-6e991fda6378" testName="ExpectedException" computerName="NET-PC" duration="00:00:00.0007457" startTime="2014-09-23T07:32:11.4732553+03:00" endTime="2014-09-23T07:32:11.4732553+03:00" testType="13cdc9d9-ddb5-4fa4-a97d-d965ccfc6d4b" outcome="Passed" testListId="8c84fa94-04c1-424b-9868-57a2d4851a1d" relativeResultsDirectory="9ceba3ec-4662-44bd-acfe-a9b027bde093" />
    <UnitTestResult executionId="2872bf7c-b4cf-433d-a533-196926254994" testId="dacd4483-d4cd-37bd-b0a3-0d9e21e7f05b" testName="ExpectedExceptionWithNoExceptionMessage" computerName="NET-PC" duration="00:00:00.0003299" startTime="2014-09-23T07:32:11.4732553+03:00" endTime="2014-09-23T07:32:11.4732553+03:00" testType="13cdc9d9-ddb5-4fa4-a97d-d965ccfc6d4b" outcome="Passed" testListId="8c84fa94-04c1-424b-9868-57a2d4851a1d" relativeResultsDirectory="2872bf7c-b4cf-433d-a533-196926254994" />
    <UnitTestResult executionId="18e037c7-75f8-41bc-baf6-d7351fbc1de6" testId="0903142e-3577-4526-1d01-349552708fe1" testName="UnexpectedException" computerName="NET-PC" duration="00:00:00.0015941" startTime="2014-09-23T07:32:11.4732553+03:00" endTime="2014-09-23T07:32:11.4732553+03:00" testType="13cdc9d9-ddb5-4fa4-a97d-d965ccfc6d4b" outcome="Failed" testListId="8c84fa94-04c1-424b-9868-57a2d4851a1d" relativeResultsDirectory="18e037c7-75f8-41bc-baf6-d7351fbc1de6">
      <Output>
        <ErrorInfo>
          <Message>Test method SampleTestingProject.UnitTest1.UnexpectedException threw exception: 
System.Exception: Exception of type 'System.Exception' was thrown.</Message>
          <StackTrace>    at SampleTestingProject.UnitTest1.UnexpectedException() in c:\SampleTRXParsing\SampleTestingProject\UnitTest1.cs:line 71
</StackTrace>
        </ErrorInfo>
      </Output>
    </UnitTestResult>
  </Results>
  <TestDefinitions>
    <UnitTest name="TestMethod1" storage="c:\sampletrxparsing\sampletestingproject\bin\debug\sampletestingproject.dll" id="07615eb7-235a-11a1-4f45-a06cb4d2655e">
      <Owners>
      	<Owner name="Owner1" />
      </Owners>
      <TestCategory>
      	<TestCategoryItem TestCategory="Category1" />
      </TestCategory>
      <Execution id="3d521509-bd64-490d-9583-a49c0ed4cb9e" />
      <TestMethod codeBase="C:\SampleTRXParsing\SampleTestingProject\bin\Debug\SampleTestingProject.dll" adapterTypeName="Microsoft.VisualStudio.TestTools.TestTypes.Unit.UnitTestAdapter" className="SampleTestingProject.UnitTest1" name="TestMethod1" />
    </UnitTest>
    <UnitTest name="TestMethod2" storage="c:\sampletrxparsing\sampletestingproject\bin\debug\sampletestingproject.dll" id="310ffa11-b40e-2240-f06c-82c2271155b4">
      <Owners>
      	<Owner name="Owner2" />
      </Owners>
      <TestCategory>
      	<TestCategoryItem TestCategory="Category1" />
      	<TestCategoryItem TestCategory="Category2" />
      </TestCategory>
      <Execution id="363853e4-f887-4ccd-ae09-0f625112e02e" />
      <TestMethod codeBase="C:\SampleTRXParsing\SampleTestingProject\bin\Debug\SampleTestingProject.dll" adapterTypeName="Microsoft.VisualStudio.TestTools.TestTypes.Unit.UnitTestAdapter" className="SampleTestingProject.UnitTest1" name="TestMethod2" />
    </UnitTest>
    <UnitTest name="TestMethod3" storage="c:\sampletrxparsing\sampletestingproject\bin\debug\sampletestingproject.dll" id="12fb41d8-85fc-cbfb-1138-28f3c6818cfe">
      <Owners>
      	<Owner name="Owner1" />
      </Owners>
      <TestCategory>
      	<TestCategoryItem TestCategory="Category2" />
      </TestCategory>
      <Execution id="618445ca-9d2c-4bc2-9113-d88c5061c786" />
      <TestMethod codeBase="C:\SampleTRXParsing\SampleTestingProject\bin\Debug\SampleTestingProject.dll" adapterTypeName="Microsoft.VisualStudio.TestTools.TestTypes.Unit.UnitTestAdapter" className="SampleTestingProject.UnitTest1" name="TestMethod3" />
    </UnitTest>
    <UnitTest name="Test_Without_Category" storage="c:\sampletrxparsing\sampletestingproject\bin\debug\sampletestingproject.dll" id="6d9ba31f-d04e-ca7c-117e-e3ae63682e8c">
      <Execution id="cbb64ca6-d570-44bf-8757-3f14abbce272" />
      <TestMethod codeBase="C:\SampleTRXParsing\SampleTestingProject\bin\Debug\SampleTestingProject.dll" adapterTypeName="Microsoft.VisualStudio.TestTools.TestTypes.Unit.UnitTestAdapter" className="SampleTestingProject.UnitTest1" name="Test_Without_Category" />
    </UnitTest>
    <UnitTest name="SimpleFailingTest" storage="c:\sampletrxparsing\sampletestingproject\bin\debug\sampletestingproject.dll" id="85da7ce7-0103-9d79-7dcd-cae058b187f7">
      <Owners>
      	<Owner name="OwnerOfFailingTest" />
      </Owners>
      <Execution id="e54c48d0-80c1-4890-9641-807adf4165ce" />
      <TestMethod codeBase="C:\SampleTRXParsing\SampleTestingProject\bin\Debug\SampleTestingProject.dll" adapterTypeName="Microsoft.VisualStudio.TestTools.TestTypes.Unit.UnitTestAdapter" className="SampleTestingProject.UnitTest1" name="SimpleFailingTest" />
    </UnitTest>
    <UnitTest name="ExpectedException" storage="c:\sampletrxparsing\sampletestingproject\bin\debug\sampletestingproject.dll" id="4ace2228-cdf5-77fd-07cf-6e991fda6378">
      <Execution id="9ceba3ec-4662-44bd-acfe-a9b027bde093" />
      <TestMethod codeBase="C:\SampleTRXParsing\SampleTestingProject\bin\Debug\SampleTestingProject.dll" adapterTypeName="Microsoft.VisualStudio.TestTools.TestTypes.Unit.UnitTestAdapter" className="SampleTestingProject.UnitTest1" name="ExpectedException" />
    </UnitTest>
    <UnitTest name="ExpectedExceptionWithNoExceptionMessage" storage="c:\sampletrxparsing\sampletestingproject\bin\debug\sampletestingproject.dll" id="dacd4483-d4cd-37bd-b0a3-0d9e21e7f05b">
      <Execution id="2872bf7c-b4cf-433d-a533-196926254994" />
      <TestMethod codeBase="C:\SampleTRXParsing\SampleTestingProject\bin\Debug\SampleTestingProject.dll" adapterTypeName="Microsoft.VisualStudio.TestTools.TestTypes.Unit.UnitTestAdapter" className="SampleTestingProject.UnitTest1" name="ExpectedExceptionWithNoExceptionMessage" />
    </UnitTest>
    <UnitTest name="UnexpectedException" storage="c:\sampletrxparsing\sampletestingproject\bin\debug\sampletestingproject.dll" id="0903142e-3577-4526-1d01-349552708fe1">
      <Execution id="18e037c7-75f8-41bc-baf6-d7351fbc1de6" />
      <TestMethod codeBase="C:\SampleTRXParsing\SampleTestingProject\bin\Debug\SampleTestingProject.dll" adapterTypeName="Microsoft.VisualStudio.TestTools.TestTypes.Unit.UnitTestAdapter" className="SampleTestingProject.UnitTest1" name="UnexpectedException" />
    </UnitTest>
  </TestDefinitions>
  <TestEntries>
    <TestEntry testId="07615eb7-235a-11a1-4f45-a06cb4d2655e" executionId="3d521509-bd64-490d-9583-a49c0ed4cb9e" testListId="8c84fa94-04c1-424b-9868-57a2d4851a1d" />
    <TestEntry testId="310ffa11-b40e-2240-f06c-82c2271155b4" executionId="363853e4-f887-4ccd-ae09-0f625112e02e" testListId="8c84fa94-04c1-424b-9868-57a2d4851a1d" />
    <TestEntry testId="12fb41d8-85fc-cbfb-1138-28f3c6818cfe" executionId="618445ca-9d2c-4bc2-9113-d88c5061c786" testListId="8c84fa94-04c1-424b-9868-57a2d4851a1d" />
    <TestEntry testId="6d9ba31f-d04e-ca7c-117e-e3ae63682e8c" executionId="cbb64ca6-d570-44bf-8757-3f14abbce272" testListId="8c84fa94-04c1-424b-9868-57a2d4851a1d" />
    <TestEntry testId="85da7ce7-0103-9d79-7dcd-cae058b187f7" executionId="e54c48d0-80c1-4890-9641-807adf4165ce" testListId="8c84fa94-04c1-424b-9868-57a2d4851a1d" />
    <TestEntry testId="4ace2228-cdf5-77fd-07cf-6e991fda6378" executionId="9ceba3ec-4662-44bd-acfe-a9b027bde093" testListId="8c84fa94-04c1-424b-9868-57a2d4851a1d" />
    <TestEntry testId="dacd4483-d4cd-37bd-b0a3-0d9e21e7f05b" executionId="2872bf7c-b4cf-433d-a533-196926254994" testListId="8c84fa94-04c1-424b-9868-57a2d4851a1d" />
    <TestEntry testId="0903142e-3577-4526-1d01-349552708fe1" executionId="18e037c7-75f8-41bc-baf6-d7351fbc1de6" testListId="8c84fa94-04c1-424b-9868-57a2d4851a1d" />
  </TestEntries>
  <TestLists>
    <TestList name="Results Not in a List" id="8c84fa94-04c1-424b-9868-57a2d4851a1d" />
    <TestList name="All Loaded Results" id="19431567-8539-422a-85d7-44ee4e166bda" />
  </TestLists>
  <ResultSummary outcome="Failed">
    <Counters total="8" executed="8" passed="6" failed="2" error="0" timeout="0" aborted="0" inconclusive="0" passedButRunAborted="0" notRunnable="0" notExecuted="0" disconnected="0" warning="0" completed="0" inProgress="0" pending="0" />
  </ResultSummary>
</TestRun>