<?xml version="1.0" encoding="UTF-8"?>
<TestRun id="13bef4e0-3032-4527-a360-654bbd5c3587" name="net@NET-PC 2014-09-16 07:04:36" runUser="net-PC\net" xmlns="http://microsoft.com/schemas/VisualStudio/TeamTest/2010">
  <Times creation="2014-09-16T07:04:36.7880277+03:00" queuing="2014-09-16T07:04:36.7880277+03:00" start="2014-09-16T07:04:36.7880277+03:00" finish="2014-09-16T07:04:36.8192278+03:00" />
  <TestSettings name="default" id="752716f3-f629-4bae-b2b1-a70ac0e1df54">
    <Execution>
      <TestTypeSpecific />
    </Execution>
    <Deployment runDeploymentRoot="net_NET-PC 2014-09-16 07_04_36" />
    <Properties />
  </TestSettings>
  <Results>
    <UnitTestResult executionId="abbebf2e-ff17-4f6c-a0b3-23ec9cd1161f" testId="07615eb7-235a-11a1-4f45-a06cb4d2655e" testName="TestMethod1" computerName="NET-PC" duration="00:00:00.0025054" startTime="2014-09-16T07:04:36.7100276+03:00" endTime="2014-09-16T07:04:36.7412277+03:00" testType="13cdc9d9-ddb5-4fa4-a97d-d965ccfc6d4b" outcome="Passed" testListId="8c84fa94-04c1-424b-9868-57a2d4851a1d" relativeResultsDirectory="abbebf2e-ff17-4f6c-a0b3-23ec9cd1161f" />
    <UnitTestResult executionId="2e2b23ee-17c8-4324-9bd8-26004ef42dfd" testId="310ffa11-b40e-2240-f06c-82c2271155b4" testName="TestMethod2" computerName="NET-PC" duration="00:00:00.0000513" startTime="2014-09-16T07:04:36.7412277+03:00" endTime="2014-09-16T07:04:36.7412277+03:00" testType="13cdc9d9-ddb5-4fa4-a97d-d965ccfc6d4b" outcome="Passed" testListId="8c84fa94-04c1-424b-9868-57a2d4851a1d" relativeResultsDirectory="2e2b23ee-17c8-4324-9bd8-26004ef42dfd" />
    <UnitTestResult executionId="d62798a6-0f20-47ec-a9c0-25ef13732748" testId="12fb41d8-85fc-cbfb-1138-28f3c6818cfe" testName="TestMethod3" computerName="NET-PC" duration="00:00:00.0000457" startTime="2014-09-16T07:04:36.7412277+03:00" endTime="2014-09-16T07:04:36.7412277+03:00" testType="13cdc9d9-ddb5-4fa4-a97d-d965ccfc6d4b" outcome="Passed" testListId="8c84fa94-04c1-424b-9868-57a2d4851a1d" relativeResultsDirectory="d62798a6-0f20-47ec-a9c0-25ef13732748" />
    <UnitTestResult executionId="7ecbc8ab-244b-425f-b5d2-f391439119f4" testId="dc983b0a-8976-01c1-5f1a-a8b9dac0411d" testName="TestMethod4" computerName="NET-PC" duration="00:00:00.0000438" startTime="2014-09-16T07:04:36.7412277+03:00" endTime="2014-09-16T07:04:36.7412277+03:00" testType="13cdc9d9-ddb5-4fa4-a97d-d965ccfc6d4b" outcome="Passed" testListId="8c84fa94-04c1-424b-9868-57a2d4851a1d" relativeResultsDirectory="7ecbc8ab-244b-425f-b5d2-f391439119f4" />
  </Results>
  <TestDefinitions>
    <UnitTest name="TestMethod1" storage="c:\sampletrxparsing\sampletestingproject\bin\debug\sampletestingproject.dll" id="07615eb7-235a-11a1-4f45-a06cb4d2655e">
      <Execution id="abbebf2e-ff17-4f6c-a0b3-23ec9cd1161f" />
      <TestMethod codeBase="C:\SampleTRXParsing\SampleTestingProject\bin\Debug\SampleTestingProject.dll" adapterTypeName="Microsoft.VisualStudio.TestTools.TestTypes.Unit.UnitTestAdapter" className="SampleTestingProject.UnitTest1" name="TestMethod1" />
    </UnitTest>
    <UnitTest name="TestMethod2" storage="c:\sampletrxparsing\sampletestingproject\bin\debug\sampletestingproject.dll" id="310ffa11-b40e-2240-f06c-82c2271155b4">
      <Execution id="2e2b23ee-17c8-4324-9bd8-26004ef42dfd" />
      <TestMethod codeBase="C:\SampleTRXParsing\SampleTestingProject\bin\Debug\SampleTestingProject.dll" adapterTypeName="Microsoft.VisualStudio.TestTools.TestTypes.Unit.UnitTestAdapter" className="SampleTestingProject.UnitTest1" name="TestMethod2" />
    </UnitTest>
    <UnitTest name="TestMethod3" storage="c:\sampletrxparsing\sampletestingproject\bin\debug\sampletestingproject.dll" id="12fb41d8-85fc-cbfb-1138-28f3c6818cfe">
      <Execution id="d62798a6-0f20-47ec-a9c0-25ef13732748" />
      <TestMethod codeBase="C:\SampleTRXParsing\SampleTestingProject\bin\Debug\SampleTestingProject.dll" adapterTypeName="Microsoft.VisualStudio.TestTools.TestTypes.Unit.UnitTestAdapter" className="SampleTestingProject.UnitTest1" name="TestMethod3" />
    </UnitTest>
    <UnitTest name="TestMethod4" storage="c:\sampletrxparsing\sampletestingproject\bin\debug\sampletestingproject.dll" id="dc983b0a-8976-01c1-5f1a-a8b9dac0411d">
      <Execution id="7ecbc8ab-244b-425f-b5d2-f391439119f4" />
      <TestMethod codeBase="C:\SampleTRXParsing\SampleTestingProject\bin\Debug\SampleTestingProject.dll" adapterTypeName="Microsoft.VisualStudio.TestTools.TestTypes.Unit.UnitTestAdapter" className="SampleTestingProject.UnitTest1" name="TestMethod4" />
    </UnitTest>
  </TestDefinitions>
  <TestEntries>
    <TestEntry testId="07615eb7-235a-11a1-4f45-a06cb4d2655e" executionId="abbebf2e-ff17-4f6c-a0b3-23ec9cd1161f" testListId="8c84fa94-04c1-424b-9868-57a2d4851a1d" />
    <TestEntry testId="310ffa11-b40e-2240-f06c-82c2271155b4" executionId="2e2b23ee-17c8-4324-9bd8-26004ef42dfd" testListId="8c84fa94-04c1-424b-9868-57a2d4851a1d" />
    <TestEntry testId="12fb41d8-85fc-cbfb-1138-28f3c6818cfe" executionId="d62798a6-0f20-47ec-a9c0-25ef13732748" testListId="8c84fa94-04c1-424b-9868-57a2d4851a1d" />
    <TestEntry testId="dc983b0a-8976-01c1-5f1a-a8b9dac0411d" executionId="7ecbc8ab-244b-425f-b5d2-f391439119f4" testListId="8c84fa94-04c1-424b-9868-57a2d4851a1d" />
  </TestEntries>
  <TestLists>
    <TestList name="Results Not in a List" id="8c84fa94-04c1-424b-9868-57a2d4851a1d" />
    <TestList name="All Loaded Results" id="19431567-8539-422a-85d7-44ee4e166bda" />
  </TestLists>
  <ResultSummary outcome="Completed">
    <Counters total="4" executed="4" passed="4" failed="0" error="0" timeout="0" aborted="0" inconclusive="0" passedButRunAborted="0" notRunnable="0" notExecuted="0" disconnected="0" warning="0" completed="0" inProgress="0" pending="0" />
  </ResultSummary>
</TestRun>