<?xml version="1.0" encoding="UTF-8"?>
<TestRun id="a0212d07-7583-4925-b67f-e951b81ff121" name="chen@CHEN-5DA849B0B8 2014-10-08 04:28:12" runUser="CHEN-5DA849B0B8\chen" xmlns="http://microsoft.com/schemas/VisualStudio/TeamTest/2010">
  <TestSettings name="Default Test Settings" id="0115d5ea-c57f-44dc-b1f6-2654bbcf5e46">
    <Execution>
      <TestTypeSpecific />
      <AgentRule name="Execution Agents">
      </AgentRule>
    </Execution>
    <Deployment runDeploymentRoot="chen_CHEN-5DA849B0B8 2014-10-08 04_28_12" />
  </TestSettings>
  <Times creation="2014-10-08T03:28:12.2856072-08:00" queuing="2014-10-08T20:28:12.3456936-08:00" start="2014-10-08T20:28:12.4508448-08:00" finish="2014-10-08T20:28:13.0667304-08:00" />
  <ResultSummary outcome="Failed">
    <Counters total="12" executed="12" passed="8" error="0" failed="4" timeout="0" aborted="0" inconclusive="0" passedButRunAborted="0" notRunnable="0" notExecuted="0" disconnected="0" warning="0" completed="0" inProgress="0" pending="0" />
  </ResultSummary>
  <TestDefinitions>
    <UnitTest name="UnexpectedException" storage="c:\documents and settings\chen\mstestallureadapter\sampletestingproject\bin\debug\sampletestingproject.dll" id="d674ff52-3f70-f86a-175f-82b808dbb7f4">
      <Owners>
        <Owner name="Owner2" />
      </Owners>
      <TestCategory>
        <TestCategoryItem TestCategory="Catehory3" />
      </TestCategory>
      <Execution id="bd24dcd7-da65-4f01-bae7-51114168b291" />
      <TestMethod codeBase="C:/Documents and Settings/chen/MSTestAllureAdapter/SampleTestingProject/bin/Debug/SampleTestingProject.DLL" adapterTypeName="Microsoft.VisualStudio.TestTools.TestTypes.Unit.UnitTestAdapter, Microsoft.VisualStudio.QualityTools.Tips.UnitTest.Adapter, Version=10.0.0.0, Culture=neutral, PublicKeyToken=b03f5f7f11d50a3a" className="SampleTestingProject.UnitTest1, SampleTestingProject, Version=1.0.0.0, Culture=neutral, PublicKeyToken=null" name="UnexpectedException" />
    </UnitTest>
    <UnitTest name="ExpectedExceptionWithNoExceptionMessage" storage="c:\documents and settings\chen\mstestallureadapter\sampletestingproject\bin\debug\sampletestingproject.dll" id="526e1b3d-753a-43d5-48f2-d10e51871ff5">
      <Owners>
        <Owner name="Owner2" />
      </Owners>
      <TestCategory>
        <TestCategoryItem TestCategory="Catehory3" />
      </TestCategory>
      <Execution id="c52ff01f-69d2-478d-8466-2acbf54446a1" />
      <TestMethod codeBase="C:/Documents and Settings/chen/MSTestAllureAdapter/SampleTestingProject/bin/Debug/SampleTestingProject.DLL" adapterTypeName="Microsoft.VisualStudio.TestTools.TestTypes.Unit.UnitTestAdapter, Microsoft.VisualStudio.QualityTools.Tips.UnitTest.Adapter, Version=10.0.0.0, Culture=neutral, PublicKeyToken=b03f5f7f11d50a3a" className="SampleTestingProject.UnitTest1, SampleTestingProject, Version=1.0.0.0, Culture=neutral, PublicKeyToken=null" name="ExpectedExceptionWithNoExceptionMessage" />
    </UnitTest>
    <UnitTest name="TestMethod3" storage="c:\documents and settings\chen\mstestallureadapter\sampletestingproject\bin\debug\sampletestingproject.dll" id="45580bf9-196c-8a24-b157-8ffbe57ed5b7">
      <Owners>
        <Owner name="Owner1" />
      </Owners>
      <TestCategory>
        <TestCategoryItem TestCategory="Catehory2" />
        <TestCategoryItem TestCategory="Catehory1" />
      </TestCategory>
      <Execution id="ba76eb2f-db3b-49e6-8814-5e610b3ef05f" />
      <TestMethod codeBase="C:/Documents and Settings/chen/MSTestAllureAdapter/SampleTestingProject/bin/Debug/SampleTestingProject.DLL" adapterTypeName="Microsoft.VisualStudio.TestTools.TestTypes.Unit.UnitTestAdapter, Microsoft.VisualStudio.QualityTools.Tips.UnitTest.Adapter, Version=10.0.0.0, Culture=neutral, PublicKeyToken=b03f5f7f11d50a3a" className="SampleTestingProject.UnitTest1, SampleTestingProject, Version=1.0.0.0, Culture=neutral, PublicKeyToken=null" name="TestMethod3" />
    </UnitTest>
    <UnitTest name="SimpleFailingTest" storage="c:\documents and settings\chen\mstestallureadapter\sampletestingproject\bin\debug\sampletestingproject.dll" id="37767e2b-ed05-6fcc-1743-b47b28543eff">
      <Owners>
        <Owner name="Owner2" />
      </Owners>
      <TestCategory>
        <TestCategoryItem TestCategory="Catehory3" />
      </TestCategory>
      <Execution id="27f23b6e-40a3-4b26-8db9-888d205c25c6" />
      <TestMethod codeBase="C:/Documents and Settings/chen/MSTestAllureAdapter/SampleTestingProject/bin/Debug/SampleTestingProject.DLL" adapterTypeName="Microsoft.VisualStudio.TestTools.TestTypes.Unit.UnitTestAdapter, Microsoft.VisualStudio.QualityTools.Tips.UnitTest.Adapter, Version=10.0.0.0, Culture=neutral, PublicKeyToken=b03f5f7f11d50a3a" className="SampleTestingProject.UnitTest1, SampleTestingProject, Version=1.0.0.0, Culture=neutral, PublicKeyToken=null" name="SimpleFailingTest" />
    </UnitTest>
    <UnitTest name="CSVdataDrivenTest" storage="c:\documents and settings\chen\mstestallureadapter\sampletestingproject\bin\debug\sampletestingproject.dll" id="e5f568ed-0e68-9d9c-05cd-bed630f97126">
      <DeploymentItems>
        <DeploymentItem filename="UserData.csv" />
      </DeploymentItems>
      <Execution id="1b4d539a-c85d-47c2-9166-f539ff05a978" />
      <TestMethod codeBase="C:/Documents and Settings/chen/MSTestAllureAdapter/SampleTestingProject/bin/Debug/SampleTestingProject.DLL" adapterTypeName="Microsoft.VisualStudio.TestTools.TestTypes.Unit.UnitTestAdapter, Microsoft.VisualStudio.QualityTools.Tips.UnitTest.Adapter, Version=10.0.0.0, Culture=neutral, PublicKeyToken=b03f5f7f11d50a3a" className="SampleTestingProject.UnitTest1, SampleTestingProject, Version=1.0.0.0, Culture=neutral, PublicKeyToken=null" name="CSVdataDrivenTest" />
      <DataSource connectionString="Provider=Microsoft.Jet.OLEDB.4.0;Data Source='|DataDirectory|';Extended Properties=&quot;text;HDR=Yes;FMT=Delimited&quot;" providerInvariantName="System.Data.OleDb" tableName="UserData#csv" />
    </UnitTest>
    <UnitTest name="Test_Without_Category" storage="c:\documents and settings\chen\mstestallureadapter\sampletestingproject\bin\debug\sampletestingproject.dll" id="1a397e66-843f-85e6-a2bc-c6770c860df9">
      <Execution id="c60e8e06-b45c-4769-9716-28c2fefae829" />
      <TestMethod codeBase="C:/Documents and Settings/chen/MSTestAllureAdapter/SampleTestingProject/bin/Debug/SampleTestingProject.DLL" adapterTypeName="Microsoft.VisualStudio.TestTools.TestTypes.Unit.UnitTestAdapter, Microsoft.VisualStudio.QualityTools.Tips.UnitTest.Adapter, Version=10.0.0.0, Culture=neutral, PublicKeyToken=b03f5f7f11d50a3a" className="SampleTestingProject.UnitTest1, SampleTestingProject, Version=1.0.0.0, Culture=neutral, PublicKeyToken=null" name="Test_Without_Category" />
    </UnitTest>
    <UnitTest name="TestMethod1" storage="c:\documents and settings\chen\mstestallureadapter\sampletestingproject\bin\debug\sampletestingproject.dll" id="1355d0e5-4bac-c245-d7ad-af9f0f4d2e03">
      <Owners>
        <Owner name="Owner1" />
      </Owners>
      <TestCategory>
        <TestCategoryItem TestCategory="Catehory1" />
      </TestCategory>
      <Execution id="5fc9e948-4103-4899-91bd-0bd94f81f60a" />
      <TestMethod codeBase="C:/Documents and Settings/chen/MSTestAllureAdapter/SampleTestingProject/bin/Debug/SampleTestingProject.DLL" adapterTypeName="Microsoft.VisualStudio.TestTools.TestTypes.Unit.UnitTestAdapter, Microsoft.VisualStudio.QualityTools.Tips.UnitTest.Adapter, Version=10.0.0.0, Culture=neutral, PublicKeyToken=b03f5f7f11d50a3a" className="SampleTestingProject.UnitTest1, SampleTestingProject, Version=1.0.0.0, Culture=neutral, PublicKeyToken=null" name="TestMethod1" />
    </UnitTest>
    <UnitTest name="TestMethod2" storage="c:\documents and settings\chen\mstestallureadapter\sampletestingproject\bin\debug\sampletestingproject.dll" id="a2fb4c92-911b-2d47-f297-5f446c1ae75e">
      <Owners>
        <Owner name="Owner1" />
      </Owners>
      <TestCategory>
        <TestCategoryItem TestCategory="Catehory2" />
      </TestCategory>
      <Execution id="7243fb39-7542-4daf-99a7-2caf7f1f5a91" />
      <TestMethod codeBase="C:/Documents and Settings/chen/MSTestAllureAdapter/SampleTestingProject/bin/Debug/SampleTestingProject.DLL" adapterTypeName="Microsoft.VisualStudio.TestTools.TestTypes.Unit.UnitTestAdapter, Microsoft.VisualStudio.QualityTools.Tips.UnitTest.Adapter, Version=10.0.0.0, Culture=neutral, PublicKeyToken=b03f5f7f11d50a3a" className="SampleTestingProject.UnitTest1, SampleTestingProject, Version=1.0.0.0, Culture=neutral, PublicKeyToken=null" name="TestMethod2" />
    </UnitTest>
    <UnitTest name="ExpectedException" storage="c:\documents and settings\chen\mstestallureadapter\sampletestingproject\bin\debug\sampletestingproject.dll" id="0d2325b1-3073-18e7-d060-dc4d5ce5a01f">
      <Owners>
        <Owner name="Owner2" />
      </Owners>
      <TestCategory>
        <TestCategoryItem TestCategory="Catehory3" />
      </TestCategory>
      <Execution id="b035060b-96dc-4c8d-90e2-78007575e5b7" />
      <TestMethod codeBase="C:/Documents and Settings/chen/MSTestAllureAdapter/SampleTestingProject/bin/Debug/SampleTestingProject.DLL" adapterTypeName="Microsoft.VisualStudio.TestTools.TestTypes.Unit.UnitTestAdapter, Microsoft.VisualStudio.QualityTools.Tips.UnitTest.Adapter, Version=10.0.0.0, Culture=neutral, PublicKeyToken=b03f5f7f11d50a3a" className="SampleTestingProject.UnitTest1, SampleTestingProject, Version=1.0.0.0, Culture=neutral, PublicKeyToken=null" name="ExpectedException" />
    </UnitTest>
  </TestDefinitions>
  <TestLists>
    <TestList name="Results Not in a List" id="8c84fa94-04c1-424b-9868-57a2d4851a1d" />
    <TestList name="All Loaded Results" id="19431567-8539-422a-85d7-44ee4e166bda" />
  </TestLists>
  <TestEntries>
    <TestEntry testId="1355d0e5-4bac-c245-d7ad-af9f0f4d2e03" executionId="5fc9e948-4103-4899-91bd-0bd94f81f60a" testListId="8c84fa94-04c1-424b-9868-57a2d4851a1d" />
    <TestEntry testId="a2fb4c92-911b-2d47-f297-5f446c1ae75e" executionId="7243fb39-7542-4daf-99a7-2caf7f1f5a91" testListId="8c84fa94-04c1-424b-9868-57a2d4851a1d" />
    <TestEntry testId="45580bf9-196c-8a24-b157-8ffbe57ed5b7" executionId="ba76eb2f-db3b-49e6-8814-5e610b3ef05f" testListId="8c84fa94-04c1-424b-9868-57a2d4851a1d" />
    <TestEntry testId="1a397e66-843f-85e6-a2bc-c6770c860df9" executionId="c60e8e06-b45c-4769-9716-28c2fefae829" testListId="8c84fa94-04c1-424b-9868-57a2d4851a1d" />
    <TestEntry testId="37767e2b-ed05-6fcc-1743-b47b28543eff" executionId="27f23b6e-40a3-4b26-8db9-888d205c25c6" testListId="8c84fa94-04c1-424b-9868-57a2d4851a1d" />
    <TestEntry testId="0d2325b1-3073-18e7-d060-dc4d5ce5a01f" executionId="b035060b-96dc-4c8d-90e2-78007575e5b7" testListId="8c84fa94-04c1-424b-9868-57a2d4851a1d" />
    <TestEntry testId="526e1b3d-753a-43d5-48f2-d10e51871ff5" executionId="c52ff01f-69d2-478d-8466-2acbf54446a1" testListId="8c84fa94-04c1-424b-9868-57a2d4851a1d" />
    <TestEntry testId="d674ff52-3f70-f86a-175f-82b808dbb7f4" executionId="bd24dcd7-da65-4f01-bae7-51114168b291" testListId="8c84fa94-04c1-424b-9868-57a2d4851a1d" />
    <TestEntry testId="e5f568ed-0e68-9d9c-05cd-bed630f97126" executionId="1b4d539a-c85d-47c2-9166-f539ff05a978" testListId="8c84fa94-04c1-424b-9868-57a2d4851a1d" />
  </TestEntries>
  <Results>
    <UnitTestResult executionId="5fc9e948-4103-4899-91bd-0bd94f81f60a" testId="1355d0e5-4bac-c245-d7ad-af9f0f4d2e03" testName="TestMethod1" computerName="CHEN-5DA849B0B8" duration="00:00:00.0137849" startTime="2014-10-08T03:28:12.4959096-08:00" endTime="2014-10-08T03:28:12.7362552-08:00" testType="13cdc9d9-ddb5-4fa4-a97d-d965ccfc6d4b" outcome="Passed" testListId="8c84fa94-04c1-424b-9868-57a2d4851a1d" relativeResultsDirectory="5fc9e948-4103-4899-91bd-0bd94f81f60a">
    </UnitTestResult>
    <UnitTestResult executionId="7243fb39-7542-4daf-99a7-2caf7f1f5a91" testId="a2fb4c92-911b-2d47-f297-5f446c1ae75e" testName="TestMethod2" computerName="CHEN-5DA849B0B8" duration="00:00:00.0005673" startTime="2014-10-08T03:28:12.7512768-08:00" endTime="2014-10-08T03:28:12.7512768-08:00" testType="13cdc9d9-ddb5-4fa4-a97d-d965ccfc6d4b" outcome="Passed" testListId="8c84fa94-04c1-424b-9868-57a2d4851a1d" relativeResultsDirectory="7243fb39-7542-4daf-99a7-2caf7f1f5a91">
    </UnitTestResult>
    <UnitTestResult executionId="ba76eb2f-db3b-49e6-8814-5e610b3ef05f" testId="45580bf9-196c-8a24-b157-8ffbe57ed5b7" testName="TestMethod3" computerName="CHEN-5DA849B0B8" duration="00:00:00.0005523" startTime="2014-10-08T03:28:12.7512768-08:00" endTime="2014-10-08T03:28:12.7662984-08:00" testType="13cdc9d9-ddb5-4fa4-a97d-d965ccfc6d4b" outcome="Passed" testListId="8c84fa94-04c1-424b-9868-57a2d4851a1d" relativeResultsDirectory="ba76eb2f-db3b-49e6-8814-5e610b3ef05f">
    </UnitTestResult>
    <UnitTestResult executionId="c60e8e06-b45c-4769-9716-28c2fefae829" testId="1a397e66-843f-85e6-a2bc-c6770c860df9" testName="Test_Without_Category" computerName="CHEN-5DA849B0B8" duration="00:00:00.0013308" startTime="2014-10-08T03:28:12.7662984-08:00" endTime="2014-10-08T03:28:12.7662984-08:00" testType="13cdc9d9-ddb5-4fa4-a97d-d965ccfc6d4b" outcome="Passed" testListId="8c84fa94-04c1-424b-9868-57a2d4851a1d" relativeResultsDirectory="c60e8e06-b45c-4769-9716-28c2fefae829">
    </UnitTestResult>
    <UnitTestResult executionId="27f23b6e-40a3-4b26-8db9-888d205c25c6" testId="37767e2b-ed05-6fcc-1743-b47b28543eff" testName="SimpleFailingTest" computerName="CHEN-5DA849B0B8" duration="00:00:00.0159520" startTime="2014-10-08T03:28:12.7813200-08:00" endTime="2014-10-08T03:28:12.7963416-08:00" testType="13cdc9d9-ddb5-4fa4-a97d-d965ccfc6d4b" outcome="Failed" testListId="8c84fa94-04c1-424b-9868-57a2d4851a1d" relativeResultsDirectory="27f23b6e-40a3-4b26-8db9-888d205c25c6">
      <Output>
        <ErrorInfo>
          <Message>Assert.AreEqual failed. Expected:&lt;1&gt;. Actual:&lt;2&gt;. The calculation failed.</Message>
          <StackTrace>   at SampleTestingProject.UnitTest1.SimpleFailingTest() in C:\Documents and Settings\chen\MSTestAllureAdapter\SampleTestingProject\UnitTest1.cs:line 45
</StackTrace>
        </ErrorInfo>
      </Output>
    </UnitTestResult>
    <UnitTestResult executionId="b035060b-96dc-4c8d-90e2-78007575e5b7" testId="0d2325b1-3073-18e7-d060-dc4d5ce5a01f" testName="ExpectedException" computerName="CHEN-5DA849B0B8" duration="00:00:00.0010032" startTime="2014-10-08T03:28:12.8113632-08:00" endTime="2014-10-08T03:28:12.8263848-08:00" testType="13cdc9d9-ddb5-4fa4-a97d-d965ccfc6d4b" outcome="Passed" testListId="8c84fa94-04c1-424b-9868-57a2d4851a1d" relativeResultsDirectory="b035060b-96dc-4c8d-90e2-78007575e5b7">
    </UnitTestResult>
    <UnitTestResult executionId="c52ff01f-69d2-478d-8466-2acbf54446a1" testId="526e1b3d-753a-43d5-48f2-d10e51871ff5" testName="ExpectedExceptionWithNoExceptionMessage" computerName="CHEN-5DA849B0B8" duration="00:00:00.0071414" startTime="2014-10-08T03:28:12.8263848-08:00" endTime="2014-10-08T03:28:12.8564280-08:00" testType="13cdc9d9-ddb5-4fa4-a97d-d965ccfc6d4b" outcome="Passed" testListId="8c84fa94-04c1-424b-9868-57a2d4851a1d" relativeResultsDirectory="c52ff01f-69d2-478d-8466-2acbf54446a1">
    </UnitTestResult>
    <UnitTestResult executionId="bd24dcd7-da65-4f01-bae7-51114168b291" testId="d674ff52-3f70-f86a-175f-82b808dbb7f4" testName="UnexpectedException" computerName="CHEN-5DA849B0B8" duration="00:00:00.0031182" startTime="2014-10-08T03:28:12.8564280-08:00" endTime="2014-10-08T03:28:12.8564280-08:00" testType="13cdc9d9-ddb5-4fa4-a97d-d965ccfc6d4b" outcome="Failed" testListId="8c84fa94-04c1-424b-9868-57a2d4851a1d" relativeResultsDirectory="bd24dcd7-da65-4f01-bae7-51114168b291">
      <Output>
        <ErrorInfo>
          <Message>Test method SampleTestingProject.UnitTest1.UnexpectedException threw exception: 
System.Exception: Exception of type 'System.Exception' was thrown.</Message>
          <StackTrace>    at SampleTestingProject.UnitTest1.UnexpectedException() in C:\Documents and Settings\chen\MSTestAllureAdapter\SampleTestingProject\UnitTest1.cs:line 71
</StackTrace>
        </ErrorInfo>
      </Output>
    </UnitTestResult>
    <UnitTestResult executionId="1b4d539a-c85d-47c2-9166-f539ff05a978" testId="e5f568ed-0e68-9d9c-05cd-bed630f97126" testName="CSVdataDrivenTest" computerName="CHEN-5DA849B0B8" duration="00:00:00.0777417" startTime="2014-10-08T03:28:12.8714496-08:00" endTime="2014-10-08T03:28:12.9916224-08:00" testType="13cdc9d9-ddb5-4fa4-a97d-d965ccfc6d4b" outcome="Failed" testListId="8c84fa94-04c1-424b-9868-57a2d4851a1d" relativeResultsDirectory="1b4d539a-c85d-47c2-9166-f539ff05a978" resultType="DataDrivenTest">
      <Counters error="0" failed="1" timeout="0" aborted="0" inconclusive="0" passedButRunAborted="0" notRunnable="0" notExecuted="0" disconnected="0" warning="0" passed="2" completed="0" inProgress="0" pending="0" />
      <InnerResults>
        <UnitTestResult executionId="062548a9-23f5-4047-b04a-27591ae38fc9" parentExecutionId="1b4d539a-c85d-47c2-9166-f539ff05a978" testId="e5f568ed-0e68-9d9c-05cd-bed630f97126" testName="CSVdataDrivenTest" computerName="CHEN-5DA849B0B8" duration="00:00:00.0007310" startTime="2014-10-08T03:28:12.9315360-08:00" endTime="2014-10-08T03:28:12.9315360-08:00" testType="13cdc9d9-ddb5-4fa4-a97d-d965ccfc6d4b" outcome="Passed" testListId="8c84fa94-04c1-424b-9868-57a2d4851a1d" relativeResultsDirectory="1b4d539a-c85d-47c2-9166-f539ff05a978" dataRowInfo="0" resultType="DataDrivenDataRow" />
        <UnitTestResult executionId="f749ecb9-e3ed-47b6-9979-848d6df302a6" parentExecutionId="1b4d539a-c85d-47c2-9166-f539ff05a978" testId="e5f568ed-0e68-9d9c-05cd-bed630f97126" testName="CSVdataDrivenTest" computerName="CHEN-5DA849B0B8" duration="00:00:00.0000421" startTime="2014-10-08T03:28:12.9315360-08:00" endTime="2014-10-08T03:28:12.9315360-08:00" testType="13cdc9d9-ddb5-4fa4-a97d-d965ccfc6d4b" outcome="Passed" testListId="8c84fa94-04c1-424b-9868-57a2d4851a1d" relativeResultsDirectory="1b4d539a-c85d-47c2-9166-f539ff05a978" dataRowInfo="1" resultType="DataDrivenDataRow" />
        <UnitTestResult executionId="a888dffd-3a12-46e2-bd28-356dad359332" parentExecutionId="1b4d539a-c85d-47c2-9166-f539ff05a978" testId="e5f568ed-0e68-9d9c-05cd-bed630f97126" testName="CSVdataDrivenTest" computerName="CHEN-5DA849B0B8" duration="00:00:00.0016876" startTime="2014-10-08T03:28:12.9315360-08:00" endTime="2014-10-08T03:28:12.9465576-08:00" testType="13cdc9d9-ddb5-4fa4-a97d-d965ccfc6d4b" outcome="Failed" testListId="8c84fa94-04c1-424b-9868-57a2d4851a1d" relativeResultsDirectory="1b4d539a-c85d-47c2-9166-f539ff05a978" dataRowInfo="2" resultType="DataDrivenDataRow">
          <Output>
            <ErrorInfo>
              <Message>Test method SampleTestingProject.UnitTest1.CSVdataDrivenTest threw exception: 
System.DivideByZeroException: Attempted to divide by zero.</Message>
              <StackTrace>    at SampleTestingProject.UnitTest1.CSVdataDrivenTest() in C:\Documents and Settings\chen\MSTestAllureAdapter\SampleTestingProject\UnitTest1.cs:line 91
</StackTrace>
            </ErrorInfo>
          </Output>
        </UnitTestResult>
      </InnerResults>
    </UnitTestResult>
  </Results>
</TestRun>